<?xml version="1.0" encoding="UTF-8"?>
<!-- Generated by org.testng.reporters.JUnitReportReporter -->
<testsuite hostname="DESKTOP-NO6VRSL" failures="0" tests="4" name="finalProject.finalProject.AppTest" time="4.209" errors="0" timestamp="2025-05-02T21:51:11 PDT" skipped="0">
  <testcase classname="finalProject.finalProject.AppTest" name="changeTheWebsite" time="0.930"/>
  <testcase classname="finalProject.finalProject.AppTest" name="changeTheWebsite" time="1.411"/>
  <testcase classname="finalProject.finalProject.AppTest" name="changeTheWebsite" time="0.978"/>
  <testcase classname="finalProject.finalProject.AppTest" name="changeTheWebsite" time="0.890"/>
</testsuite> <!-- finalProject.finalProject.AppTest -->
