<?xml version="1.0" encoding="UTF-8"?>
<!-- Generated by org.testng.reporters.JUnitReportReporter -->
<testsuite hostname="DESKTOP-NO6VRSL" failures="0" tests="8" name="finalProject.finalProject.AppTest" time="1.721" errors="0" timestamp="2025-05-04T03:58:53 PDT" skipped="7">
  <testcase classname="finalProject.finalProject.AppTest" name="changeTheWebsite" time="1.721"/>
  <testcase classname="finalProject.finalProject.AppTest" name="flightReturnDate">
    <skipped/>
  </testcase> <!-- flightReturnDate -->
  <testcase classname="finalProject.finalProject.AppTest" name="checkHotelTabIsNotSelected">
    <skipped/>
  </testcase> <!-- checkHotelTabIsNotSelected -->
  <testcase classname="finalProject.finalProject.AppTest" name="checkContactNumber">
    <skipped/>
  </testcase> <!-- checkContactNumber -->
  <testcase classname="finalProject.finalProject.AppTest" name="checkWibsiteLanguage">
    <skipped/>
  </testcase> <!-- checkWibsiteLanguage -->
  <testcase classname="finalProject.finalProject.AppTest" name="checkQitaflogo">
    <skipped/>
  </testcase> <!-- checkQitaflogo -->
  <testcase classname="finalProject.finalProject.AppTest" name="flightDepartureDate">
    <skipped/>
  </testcase> <!-- flightDepartureDate -->
  <testcase classname="finalProject.finalProject.AppTest" name="checkCurrency">
    <skipped/>
  </testcase> <!-- checkCurrency -->
</testsuite> <!-- finalProject.finalProject.AppTest -->
